

================================================================
== Vivado HLS Report for 'dft'
================================================================
* Date:           Fri Nov 04 03:27:04 2016

* Version:        2015.4 (Build 1412921 on Wed Nov 18 09:58:55 AM 2015)
* Project:        dft1024
* Solution:       best
* Product family: zynq
* Target device:  xc7z020clg484-1


================================================================
== Performance Estimates
================================================================
+ Timing (ns): 
    * Summary: 
    +--------+-------+----------+------------+
    |  Clock | Target| Estimated| Uncertainty|
    +--------+-------+----------+------------+
    |ap_clk  |  10.00|      8.75|        1.25|
    +--------+-------+----------+------------+

+ Latency (clock cycles): 
    * Summary: 
    +---------+---------+---------+---------+----------+
    |      Latency      |      Interval     | Pipeline |
    |   min   |   max   |   min   |   max   |   Type   |
    +---------+---------+---------+---------+----------+
    |  1089555|  1089555|  1089556|  1089556| dataflow |
    +---------+---------+---------+---------+----------+

    + Detail: 
        * Instance: 
        +------------------------------+--------------------+---------+---------+---------+---------+---------+
        |                              |                    |      Latency      |      Interval     | Pipeline|
        |           Instance           |       Module       |   min   |   max   |   min   |   max   |   Type  |
        +------------------------------+--------------------+---------+---------+---------+---------+---------+
        |grp_dft_outer_for_proc_fu_26  |dft_outer_for_proc  |  1089555|  1089555|  1089555|  1089555|   none  |
        +------------------------------+--------------------+---------+---------+---------+---------+---------+

        * Loop: 
        N/A



================================================================
== Utilization Estimates
================================================================
* Summary: 
+-----------------+---------+-------+--------+-------+
|       Name      | BRAM_18K| DSP48E|   FF   |  LUT  |
+-----------------+---------+-------+--------+-------+
|DSP              |        -|      -|       -|      -|
|Expression       |        -|      -|       -|      -|
|FIFO             |        -|      -|       -|      -|
|Instance         |       28|     28|    4667|   4467|
|Memory           |        -|      -|       -|      -|
|Multiplexer      |        -|      -|       -|      -|
|Register         |        -|      -|       2|      -|
+-----------------+---------+-------+--------+-------+
|Total            |       28|     28|    4669|   4467|
+-----------------+---------+-------+--------+-------+
|Available        |      280|    220|  106400|  53200|
+-----------------+---------+-------+--------+-------+
|Utilization (%)  |       10|     12|       4|      8|
+-----------------+---------+-------+--------+-------+

+ Detail: 
    * Instance: 
    +-----------------------+--------------------+---------+-------+------+------+
    |        Instance       |       Module       | BRAM_18K| DSP48E|  FF  |  LUT |
    +-----------------------+--------------------+---------+-------+------+------+
    |dft_outer_for_proc_U0  |dft_outer_for_proc  |       28|     28|  4667|  4467|
    +-----------------------+--------------------+---------+-------+------+------+
    |Total                  |                    |       28|     28|  4667|  4467|
    +-----------------------+--------------------+---------+-------+------+------+

    * DSP48: 
    N/A

    * Memory: 
    N/A

    * FIFO: 
    N/A

    * Expression: 
    N/A

    * Multiplexer: 
    N/A

    * Register: 
    +---------------------------------------+---+----+-----+-----------+
    |                  Name                 | FF| LUT| Bits| Const Bits|
    +---------------------------------------+---+----+-----+-----------+
    |ap_CS                                  |  1|   0|    1|          0|
    |ap_reg_procdone_dft_outer_for_proc_U0  |  1|   0|    1|          0|
    +---------------------------------------+---+----+-----+-----------+
    |Total                                  |  2|   0|    2|          0|
    +---------------------------------------+---+----+-----+-----------+



================================================================
== Interface
================================================================
* Summary: 
+-----------------+-----+-----+------------+--------------+--------------+
|    RTL Ports    | Dir | Bits|  Protocol  | Source Object|    C Type    |
+-----------------+-----+-----+------------+--------------+--------------+
|xx_R_address0    | out |   10|  ap_memory |     xx_R     |     array    |
|xx_R_ce0         | out |    1|  ap_memory |     xx_R     |     array    |
|xx_R_d0          | out |   32|  ap_memory |     xx_R     |     array    |
|xx_R_q0          |  in |   32|  ap_memory |     xx_R     |     array    |
|xx_R_we0         | out |    1|  ap_memory |     xx_R     |     array    |
|xx_R_address1    | out |   10|  ap_memory |     xx_R     |     array    |
|xx_R_ce1         | out |    1|  ap_memory |     xx_R     |     array    |
|xx_R_d1          | out |   32|  ap_memory |     xx_R     |     array    |
|xx_R_q1          |  in |   32|  ap_memory |     xx_R     |     array    |
|xx_R_we1         | out |    1|  ap_memory |     xx_R     |     array    |
|xx_I_address0    | out |   10|  ap_memory |     xx_I     |     array    |
|xx_I_ce0         | out |    1|  ap_memory |     xx_I     |     array    |
|xx_I_d0          | out |   32|  ap_memory |     xx_I     |     array    |
|xx_I_q0          |  in |   32|  ap_memory |     xx_I     |     array    |
|xx_I_we0         | out |    1|  ap_memory |     xx_I     |     array    |
|xx_I_address1    | out |   10|  ap_memory |     xx_I     |     array    |
|xx_I_ce1         | out |    1|  ap_memory |     xx_I     |     array    |
|xx_I_d1          | out |   32|  ap_memory |     xx_I     |     array    |
|xx_I_q1          |  in |   32|  ap_memory |     xx_I     |     array    |
|xx_I_we1         | out |    1|  ap_memory |     xx_I     |     array    |
|XX_R_r_address0  | out |   10|  ap_memory |    XX_R_r    |     array    |
|XX_R_r_ce0       | out |    1|  ap_memory |    XX_R_r    |     array    |
|XX_R_r_d0        | out |   32|  ap_memory |    XX_R_r    |     array    |
|XX_R_r_q0        |  in |   32|  ap_memory |    XX_R_r    |     array    |
|XX_R_r_we0       | out |    1|  ap_memory |    XX_R_r    |     array    |
|XX_R_r_address1  | out |   10|  ap_memory |    XX_R_r    |     array    |
|XX_R_r_ce1       | out |    1|  ap_memory |    XX_R_r    |     array    |
|XX_R_r_d1        | out |   32|  ap_memory |    XX_R_r    |     array    |
|XX_R_r_q1        |  in |   32|  ap_memory |    XX_R_r    |     array    |
|XX_R_r_we1       | out |    1|  ap_memory |    XX_R_r    |     array    |
|XX_I_r_address0  | out |   10|  ap_memory |    XX_I_r    |     array    |
|XX_I_r_ce0       | out |    1|  ap_memory |    XX_I_r    |     array    |
|XX_I_r_d0        | out |   32|  ap_memory |    XX_I_r    |     array    |
|XX_I_r_q0        |  in |   32|  ap_memory |    XX_I_r    |     array    |
|XX_I_r_we0       | out |    1|  ap_memory |    XX_I_r    |     array    |
|XX_I_r_address1  | out |   10|  ap_memory |    XX_I_r    |     array    |
|XX_I_r_ce1       | out |    1|  ap_memory |    XX_I_r    |     array    |
|XX_I_r_d1        | out |   32|  ap_memory |    XX_I_r    |     array    |
|XX_I_r_q1        |  in |   32|  ap_memory |    XX_I_r    |     array    |
|XX_I_r_we1       | out |    1|  ap_memory |    XX_I_r    |     array    |
|ap_clk           |  in |    1| ap_ctrl_hs |      dft     | return value |
|ap_rst           |  in |    1| ap_ctrl_hs |      dft     | return value |
|ap_done          | out |    1| ap_ctrl_hs |      dft     | return value |
|ap_start         |  in |    1| ap_ctrl_hs |      dft     | return value |
|ap_idle          | out |    1| ap_ctrl_hs |      dft     | return value |
|ap_ready         | out |    1| ap_ctrl_hs |      dft     | return value |
+-----------------+-----+-----+------------+--------------+--------------+

