

================================================================
== Vivado HLS Report for 'cordiccart2pol'
================================================================
* Date:           Wed Oct 19 22:47:42 2016

* Version:        2015.4 (Build 1412921 on Wed Nov 18 09:58:55 AM 2015)
* Project:        cordic
* Solution:       fewer_iter_and_unroll
* Product family: zynq
* Target device:  xc7z020clg484-1


================================================================
== Performance Estimates
================================================================
+ Timing (ns): 
    * Summary: 
    +--------+-------+----------+------------+
    |  Clock | Target| Estimated| Uncertainty|
    +--------+-------+----------+------------+
    |ap_clk  |  10.00|      8.75|        1.25|
    +--------+-------+----------+------------+

+ Latency (clock cycles): 
    * Summary: 
    +-----+-----+-----+-----+---------+
    |  Latency  |  Interval | Pipeline|
    | min | max | min | max |   Type  |
    +-----+-----+-----+-----+---------+
    |    7|    7|    8|    8|   none  |
    +-----+-----+-----+-----+---------+

    + Detail: 
        * Instance: 
        N/A

        * Loop: 
        N/A



================================================================
== Utilization Estimates
================================================================
* Summary: 
+-----------------+---------+-------+--------+-------+
|       Name      | BRAM_18K| DSP48E|   FF   |  LUT  |
+-----------------+---------+-------+--------+-------+
|DSP              |        -|      -|       -|      -|
|Expression       |        -|      -|       0|   1644|
|FIFO             |        -|      -|       -|      -|
|Instance         |        -|      -|       -|      -|
|Memory           |        -|      -|       -|      -|
|Multiplexer      |        -|      -|       -|      4|
|Register         |        -|      -|     480|      -|
+-----------------+---------+-------+--------+-------+
|Total            |        0|      0|     480|   1648|
+-----------------+---------+-------+--------+-------+
|Available        |      280|    220|  106400|  53200|
+-----------------+---------+-------+--------+-------+
|Utilization (%)  |        0|      0|   ~0   |      3|
+-----------------+---------+-------+--------+-------+

+ Detail: 
    * Instance: 
    N/A

    * DSP48: 
    N/A

    * Memory: 
    N/A

    * FIFO: 
    N/A

    * Expression: 
    +------------------------------------+----------+-------+---+----+------------+------------+
    |            Variable Name           | Operation| DSP48E| FF| LUT| Bitwidth P0| Bitwidth P1|
    +------------------------------------+----------+-------+---+----+------------+------------+
    |p_Val2_12_fu_214_p2                 |     +    |      0|  0|  19|          19|          19|
    |p_Val2_13_fu_1261_p2                |     +    |      0|  0|   4|          19|          19|
    |p_Val2_17_fu_1342_p2                |     +    |      0|  0|   4|          19|          19|
    |p_Val2_30_1_fu_276_p2               |     +    |      0|  0|  19|          19|          19|
    |p_Val2_30_2_fu_354_p2               |     +    |      0|  0|  19|          19|          19|
    |p_Val2_30_3_fu_426_p2               |     +    |      0|  0|  19|          19|          19|
    |p_Val2_30_4_fu_504_p2               |     +    |      0|  0|  19|          19|          19|
    |p_Val2_30_5_fu_576_p2               |     +    |      0|  0|  19|          19|          19|
    |p_Val2_30_6_fu_654_p2               |     +    |      0|  0|  19|          19|          19|
    |p_Val2_30_7_fu_726_p2               |     +    |      0|  0|  19|          19|          19|
    |p_Val2_30_8_fu_804_p2               |     +    |      0|  0|  19|          19|          19|
    |p_Val2_30_9_fu_876_p2               |     +    |      0|  0|  19|          19|          19|
    |p_Val2_30_s_fu_934_p2               |     +    |      0|  0|  19|          19|          19|
    |p_Val2_35_1_fu_282_p2               |     +    |      0|  0|  19|          19|          19|
    |p_Val2_35_2_fu_360_p2               |     +    |      0|  0|  19|          19|          19|
    |p_Val2_35_3_fu_432_p2               |     +    |      0|  0|  19|          19|          19|
    |p_Val2_35_4_fu_510_p2               |     +    |      0|  0|  19|          19|          19|
    |p_Val2_35_5_fu_582_p2               |     +    |      0|  0|  19|          19|          19|
    |p_Val2_35_6_fu_660_p2               |     +    |      0|  0|  19|          19|          19|
    |p_Val2_35_7_fu_732_p2               |     +    |      0|  0|  19|          19|          19|
    |p_Val2_35_8_fu_810_p2               |     +    |      0|  0|  19|          19|          19|
    |p_Val2_35_9_fu_882_p2               |     +    |      0|  0|  19|          19|          19|
    |p_Val2_6_fu_1177_p2                 |     +    |      0|  0|   4|          19|          19|
    |r_V                                 |     +    |      0|  0|   4|          19|          19|
    |storemerge_s_fu_1138_p2             |     +    |      0|  0|   4|          15|          15|
    |tmp10_fu_1108_p2                    |     +    |      0|  0|   5|           5|           5|
    |tmp11_fu_1251_p2                    |     +    |      0|  0|  15|          15|          15|
    |tmp12_fu_1305_p2                    |     +    |      0|  0|  12|          12|          12|
    |tmp1_fu_1086_p2                     |     +    |      0|  0|   4|          15|          15|
    |tmp2_fu_1060_p2                     |     +    |      0|  0|  15|          15|          15|
    |tmp3_fu_1050_p2                     |     +    |      0|  0|  14|          14|          14|
    |tmp4_fu_1076_p2                     |     +    |      0|  0|  12|          12|          12|
    |tmp5_fu_1066_p2                     |     +    |      0|  0|  11|          11|          11|
    |tmp6_fu_1128_p2                     |     +    |      0|  0|   4|           9|           9|
    |tmp7_fu_1102_p2                     |     +    |      0|  0|   4|           9|           9|
    |tmp8_fu_1092_p2                     |     +    |      0|  0|   8|           8|           8|
    |tmp9_fu_1118_p2                     |     +    |      0|  0|   6|           6|           6|
    |p_Val2_11_fu_208_p2                 |     -    |      0|  0|  19|          19|          19|
    |p_Val2_15_fu_1334_p2                |     -    |      0|  0|   4|          19|          19|
    |p_Val2_16_fu_220_p2                 |     -    |      0|  0|  19|          19|          19|
    |p_Val2_19_fu_1351_p2                |     -    |      0|  0|   4|          19|          19|
    |p_Val2_1_fu_158_p2                  |     -    |      0|  0|  19|           1|          19|
    |p_Val2_27_1_fu_256_p2               |     -    |      0|  0|  19|          19|          19|
    |p_Val2_27_2_fu_334_p2               |     -    |      0|  0|  19|          19|          19|
    |p_Val2_27_3_fu_406_p2               |     -    |      0|  0|  19|          19|          19|
    |p_Val2_27_4_fu_484_p2               |     -    |      0|  0|  19|          19|          19|
    |p_Val2_27_5_fu_556_p2               |     -    |      0|  0|  19|          19|          19|
    |p_Val2_27_6_fu_634_p2               |     -    |      0|  0|  19|          19|          19|
    |p_Val2_27_7_fu_706_p2               |     -    |      0|  0|  19|          19|          19|
    |p_Val2_27_8_fu_784_p2               |     -    |      0|  0|  19|          19|          19|
    |p_Val2_27_9_fu_856_p2               |     -    |      0|  0|  19|          19|          19|
    |p_Val2_38_1_fu_292_p2               |     -    |      0|  0|  19|          19|          19|
    |p_Val2_38_2_fu_370_p2               |     -    |      0|  0|  19|          19|          19|
    |p_Val2_38_3_fu_442_p2               |     -    |      0|  0|  19|          19|          19|
    |p_Val2_38_4_fu_520_p2               |     -    |      0|  0|  19|          19|          19|
    |p_Val2_38_5_fu_592_p2               |     -    |      0|  0|  19|          19|          19|
    |p_Val2_38_6_fu_670_p2               |     -    |      0|  0|  19|          19|          19|
    |p_Val2_38_7_fu_742_p2               |     -    |      0|  0|  19|          19|          19|
    |p_Val2_38_8_fu_820_p2               |     -    |      0|  0|  19|          19|          19|
    |p_Val2_38_9_fu_892_p2               |     -    |      0|  0|  19|          19|          19|
    |p_Val2_38_s_fu_944_p2               |     -    |      0|  0|  19|          19|          19|
    |p_Val2_3_fu_164_p2                  |     -    |      0|  0|  19|           1|          19|
    |p_Val2_8_fu_1197_p2                 |     -    |      0|  0|   4|          19|          19|
    |p_Val2_s_4_fu_1217_p2               |     -    |      0|  0|   4|          19|          19|
    |p_Val2_10_fu_957_p3                 |  Select  |      0|  0|  14|           1|          14|
    |p_Val2_2_fu_178_p3                  |  Select  |      0|  0|  19|           1|          19|
    |p_Val2_39_1_v_cast_cast_fu_968_p3   |  Select  |      0|  0|  13|           1|          12|
    |p_Val2_39_2_v_cast_cast_fu_975_p3   |  Select  |      0|  0|  12|           1|          11|
    |p_Val2_39_3_v_cast_cast_fu_982_p3   |  Select  |      0|  0|  11|           1|          10|
    |p_Val2_39_4_v_cast_cast_fu_989_p3   |  Select  |      0|  0|  10|           1|           9|
    |p_Val2_39_5_v_cast_cast_fu_996_p3   |  Select  |      0|  0|   9|           1|           8|
    |p_Val2_39_6_v_cast_cast_fu_1003_p3  |  Select  |      0|  0|   8|           1|           7|
    |p_Val2_39_7_v_cast_cast_fu_1010_p3  |  Select  |      0|  0|   7|           1|           6|
    |p_Val2_39_8_v_cast_cast_fu_1017_p3  |  Select  |      0|  0|   6|           1|           5|
    |p_Val2_39_9_v_cast_cast_fu_1024_p3  |  Select  |      0|  0|   5|           1|           4|
    |p_Val2_39_v_cast_cast_fu_1031_p3    |  Select  |      0|  0|   4|           1|           3|
    |p_Val2_s_fu_170_p3                  |  Select  |      0|  0|  19|           1|          19|
    |storemerge1_fu_950_p3               |  Select  |      0|  0|  14|           1|          13|
    |storemerge_v_cast_cast_fu_1043_p3   |  Select  |      0|  0|   3|           1|           2|
    |x_V_buf_2_ph_fu_186_p3              |  Select  |      0|  0|  19|           1|          19|
    |x_V_buf_3_1_fu_298_p3               |  Select  |      0|  0|  19|           1|          19|
    |x_V_buf_3_2_fu_376_p3               |  Select  |      0|  0|  19|           1|          19|
    |x_V_buf_3_3_fu_448_p3               |  Select  |      0|  0|  19|           1|          19|
    |x_V_buf_3_4_fu_526_p3               |  Select  |      0|  0|  19|           1|          19|
    |x_V_buf_3_5_fu_598_p3               |  Select  |      0|  0|  19|           1|          19|
    |x_V_buf_3_6_fu_676_p3               |  Select  |      0|  0|  19|           1|          19|
    |x_V_buf_3_7_fu_748_p3               |  Select  |      0|  0|  19|           1|          19|
    |x_V_buf_3_8_fu_826_p3               |  Select  |      0|  0|  19|           1|          19|
    |x_V_buf_3_9_fu_898_p3               |  Select  |      0|  0|  19|           1|          19|
    |x_V_buf_3_fu_226_p3                 |  Select  |      0|  0|  19|           1|          19|
    |x_V_buf_3_s_fu_1038_p3              |  Select  |      0|  0|  19|           1|          19|
    |y_V_buf_2_ph_fu_194_p3              |  Select  |      0|  0|  19|           1|          19|
    |y_V_buf_3_1_fu_306_p3               |  Select  |      0|  0|  19|           1|          19|
    |y_V_buf_3_2_fu_381_p3               |  Select  |      0|  0|  19|           1|          19|
    |y_V_buf_3_3_fu_456_p3               |  Select  |      0|  0|  19|           1|          19|
    |y_V_buf_3_4_fu_531_p3               |  Select  |      0|  0|  19|           1|          19|
    |y_V_buf_3_5_fu_606_p3               |  Select  |      0|  0|  19|           1|          19|
    |y_V_buf_3_6_fu_681_p3               |  Select  |      0|  0|  19|           1|          19|
    |y_V_buf_3_7_fu_756_p3               |  Select  |      0|  0|  19|           1|          19|
    |y_V_buf_3_8_fu_831_p3               |  Select  |      0|  0|  19|           1|          19|
    |y_V_buf_3_9_fu_906_p3               |  Select  |      0|  0|  19|           1|          19|
    |y_V_buf_3_fu_231_p3                 |  Select  |      0|  0|  19|           1|          19|
    |tmp_1_fu_152_p2                     |   icmp   |      0|  0|   7|          19|           1|
    |tmp_41_1_fu_236_p2                  |   icmp   |      0|  0|   7|          19|           1|
    |tmp_41_2_fu_314_p2                  |   icmp   |      0|  0|   7|          19|           1|
    |tmp_41_3_fu_386_p2                  |   icmp   |      0|  0|   7|          19|           1|
    |tmp_41_4_fu_464_p2                  |   icmp   |      0|  0|   7|          19|           1|
    |tmp_41_5_fu_536_p2                  |   icmp   |      0|  0|   7|          19|           1|
    |tmp_41_6_fu_614_p2                  |   icmp   |      0|  0|   7|          19|           1|
    |tmp_41_7_fu_686_p2                  |   icmp   |      0|  0|   7|          19|           1|
    |tmp_41_8_fu_764_p2                  |   icmp   |      0|  0|   7|          19|           1|
    |tmp_41_9_fu_836_p2                  |   icmp   |      0|  0|   7|          19|           1|
    |tmp_41_s_fu_914_p2                  |   icmp   |      0|  0|   7|          19|           1|
    |tmp_s_fu_202_p2                     |   icmp   |      0|  0|   7|          19|           1|
    +------------------------------------+----------+-------+---+----+------------+------------+
    |Total                               |          |      0|  0|1644|        1345|        1706|
    +------------------------------------+----------+-------+---+----+------------+------------+

    * Multiplexer: 
    +-----------+----+-----------+-----+-----------+
    |    Name   | LUT| Input Size| Bits| Total Bits|
    +-----------+----+-----------+-----+-----------+
    |ap_NS_fsm  |   4|          9|    1|          9|
    +-----------+----+-----------+-----+-----------+
    |Total      |   4|          9|    1|          9|
    +-----------+----+-----------+-----+-----------+

    * Register: 
    +----------------------+----+----+-----+-----------+
    |         Name         | FF | LUT| Bits| Const Bits|
    +----------------------+----+----+-----+-----------+
    |ap_CS_fsm             |   8|   0|    8|          0|
    |p_Val2_11_reg_1384    |  19|   0|   19|          0|
    |p_Val2_12_reg_1389    |  19|   0|   19|          0|
    |p_Val2_13_reg_1549    |  19|   0|   19|          0|
    |p_Val2_16_reg_1395    |  19|   0|   19|          0|
    |p_Val2_27_2_reg_1412  |  19|   0|   19|          0|
    |p_Val2_27_4_reg_1444  |  19|   0|   19|          0|
    |p_Val2_27_6_reg_1476  |  19|   0|   19|          0|
    |p_Val2_27_8_reg_1508  |  19|   0|   19|          0|
    |p_Val2_30_2_reg_1417  |  19|   0|   19|          0|
    |p_Val2_30_4_reg_1449  |  19|   0|   19|          0|
    |p_Val2_30_6_reg_1481  |  19|   0|   19|          0|
    |p_Val2_30_8_reg_1513  |  19|   0|   19|          0|
    |p_Val2_30_s_reg_1539  |  19|   0|   19|          0|
    |p_Val2_35_2_reg_1422  |  19|   0|   19|          0|
    |p_Val2_35_4_reg_1454  |  19|   0|   19|          0|
    |p_Val2_35_6_reg_1486  |  19|   0|   19|          0|
    |p_Val2_35_8_reg_1518  |  19|   0|   19|          0|
    |p_Val2_38_2_reg_1427  |  19|   0|   19|          0|
    |p_Val2_38_4_reg_1459  |  19|   0|   19|          0|
    |p_Val2_38_6_reg_1491  |  19|   0|   19|          0|
    |p_Val2_38_8_reg_1523  |  19|   0|   19|          0|
    |p_Val2_38_s_reg_1544  |  19|   0|   19|          0|
    |tmp12_reg_1559        |  12|   0|   12|          0|
    |tmp_1_reg_1372        |   1|   0|    1|          0|
    |tmp_27_reg_1554       |  12|   0|   12|          0|
    |tmp_30_reg_1564       |   9|   0|    9|          0|
    |tmp_31_reg_1569       |   8|   0|    8|          0|
    |tmp_41_1_reg_1400     |   1|   0|    1|          0|
    |tmp_41_2_reg_1405     |   1|   0|    1|          0|
    |tmp_41_3_reg_1432     |   1|   0|    1|          0|
    |tmp_41_4_reg_1437     |   1|   0|    1|          0|
    |tmp_41_5_reg_1464     |   1|   0|    1|          0|
    |tmp_41_6_reg_1469     |   1|   0|    1|          0|
    |tmp_41_7_reg_1496     |   1|   0|    1|          0|
    |tmp_41_8_reg_1501     |   1|   0|    1|          0|
    |tmp_41_9_reg_1528     |   1|   0|    1|          0|
    |tmp_41_s_reg_1533     |   1|   0|    1|          0|
    |tmp_reg_1367          |   1|   0|    1|          0|
    |tmp_s_reg_1377        |   1|   0|    1|          0|
    +----------------------+----+----+-----+-----------+
    |Total                 | 480|   0|  480|          0|
    +----------------------+----+----+-----+-----------+



================================================================
== Interface
================================================================
* Summary: 
+----------------+-----+-----+------------+----------------+--------------+
|    RTL Ports   | Dir | Bits|  Protocol  |  Source Object |    C Type    |
+----------------+-----+-----+------------+----------------+--------------+
|ap_clk          |  in |    1| ap_ctrl_hs | cordiccart2pol | return value |
|ap_rst          |  in |    1| ap_ctrl_hs | cordiccart2pol | return value |
|ap_start        |  in |    1| ap_ctrl_hs | cordiccart2pol | return value |
|ap_done         | out |    1| ap_ctrl_hs | cordiccart2pol | return value |
|ap_idle         | out |    1| ap_ctrl_hs | cordiccart2pol | return value |
|ap_ready        | out |    1| ap_ctrl_hs | cordiccart2pol | return value |
|x_V             |  in |   19|   ap_none  |       x_V      |    scalar    |
|y_V             |  in |   19|   ap_none  |       y_V      |    scalar    |
|r_V             | out |   19|   ap_vld   |       r_V      |    pointer   |
|r_V_ap_vld      | out |    1|   ap_vld   |       r_V      |    pointer   |
|theta_V         | out |   19|   ap_vld   |     theta_V    |    pointer   |
|theta_V_ap_vld  | out |    1|   ap_vld   |     theta_V    |    pointer   |
+----------------+-----+-----+------------+----------------+--------------+

