

================================================================
== Vivado HLS Report for 'ofdm_receiver'
================================================================
* Date:           Wed Nov 16 10:49:53 2016

* Version:        2015.4 (Build 1412921 on Wed Nov 18 09:58:55 AM 2015)
* Project:        ofdm
* Solution:       baseline
* Product family: zynq
* Target device:  xc7z020clg484-1


================================================================
== Performance Estimates
================================================================
+ Timing (ns): 
    * Summary: 
    +--------+-------+----------+------------+
    |  Clock | Target| Estimated| Uncertainty|
    +--------+-------+----------+------------+
    |ap_clk  |  10.00|      8.41|        1.25|
    +--------+-------+----------+------------+

+ Latency (clock cycles): 
    * Summary: 
    +-----+-------+-----+-------+---------+
    |   Latency   |   Interval  | Pipeline|
    | min |  max  | min |  max  |   Type  |
    +-----+-------+-----+-------+---------+
    |    2|  14514|    3|  14515|   none  |
    +-----+-------+-----+-------+---------+

    + Detail: 
        * Instance: 
        +------------------------------+-------------------+-------+-------+------+------+----------+
        |                              |                   |    Latency    |   Interval  | Pipeline |
        |           Instance           |       Module      |  min  |  max  |  min |  max |   Type   |
        +------------------------------+-------------------+-------+-------+------+------+----------+
        |grp_ofdm_receiver_fft_fu_221  |ofdm_receiver_fft  |  10413|  10413|  2066|  2066| dataflow |
        +------------------------------+-------------------+-------+-------+------+------+----------+

        * Loop: 
        +----------+------+------+----------+-----------+-----------+------+----------+
        |          |   Latency   | Iteration|  Initiation Interval  | Trip |          |
        | Loop Name|  min |  max |  Latency |  achieved |   target  | Count| Pipelined|
        +----------+------+------+----------+-----------+-----------+------+----------+
        |- Loop 1  |  4096|  4096|         4|          -|          -|  1024|    no    |
        +----------+------+------+----------+-----------+-----------+------+----------+



================================================================
== Utilization Estimates
================================================================
* Summary: 
+-----------------+---------+-------+--------+-------+
|       Name      | BRAM_18K| DSP48E|   FF   |  LUT  |
+-----------------+---------+-------+--------+-------+
|DSP              |        -|      -|       -|      -|
|Expression       |        -|      -|       0|     72|
|FIFO             |        -|      -|       -|      -|
|Instance         |      108|    115|   18083|  27296|
|Memory           |        9|      -|       0|      0|
|Multiplexer      |        -|      -|       -|     88|
|Register         |        -|      -|     158|      -|
+-----------------+---------+-------+--------+-------+
|Total            |      117|    115|   18241|  27456|
+-----------------+---------+-------+--------+-------+
|Available        |      280|    220|  106400|  53200|
+-----------------+---------+-------+--------+-------+
|Utilization (%)  |       41|     52|      17|     51|
+-----------------+---------+-------+--------+-------+

+ Detail: 
    * Instance: 
    +--------------------------------------+----------------------------------+---------+-------+-------+-------+
    |               Instance               |              Module              | BRAM_18K| DSP48E|   FF  |  LUT  |
    +--------------------------------------+----------------------------------+---------+-------+-------+-------+
    |ofdm_receiver_fcmp_32ns_32ns_1_1_U81  |ofdm_receiver_fcmp_32ns_32ns_1_1  |        0|      0|     66|    239|
    |ofdm_receiver_fcmp_32ns_32ns_1_1_U82  |ofdm_receiver_fcmp_32ns_32ns_1_1  |        0|      0|     66|    239|
    |grp_ofdm_receiver_fft_fu_221          |ofdm_receiver_fft                 |      108|    115|  17951|  26818|
    +--------------------------------------+----------------------------------+---------+-------+-------+-------+
    |Total                                 |                                  |      108|    115|  18083|  27296|
    +--------------------------------------+----------------------------------+---------+-------+-------+-------+

    * DSP48: 
    N/A

    * Memory: 
    +----------+--------------------+---------+---+----+------+-----+------+-------------+
    |  Memory  |       Module       | BRAM_18K| FF| LUT| Words| Bits| Banks| W*Bits*Banks|
    +----------+--------------------+---------+---+----+------+-----+------+-------------+
    |dout_U    |ofdm_receiver_dout  |        1|  0|   0|  1024|    2|     1|         2048|
    |xr_U      |ofdm_receiver_xr    |        2|  0|   0|  1024|   32|     1|        32768|
    |xi_U      |ofdm_receiver_xr    |        2|  0|   0|  1024|   32|     1|        32768|
    |xr_out_U  |ofdm_receiver_xr    |        2|  0|   0|  1024|   32|     1|        32768|
    |xi_out_U  |ofdm_receiver_xr    |        2|  0|   0|  1024|   32|     1|        32768|
    +----------+--------------------+---------+---+----+------+-----+------+-------------+
    |Total     |                    |        9|  0|   0|  5120|  130|     5|       133120|
    +----------+--------------------+---------+---+----+------+-----+------+-------------+

    * FIFO: 
    N/A

    * Expression: 
    +------------------------+----------+-------+---+----+------------+------------+
    |      Variable Name     | Operation| DSP48E| FF| LUT| Bitwidth P0| Bitwidth P1|
    +------------------------+----------+-------+---+----+------------+------------+
    |i_fu_315_p2             |     +    |      0|  0|  11|          11|           1|
    |tmp_8_fu_298_p2         |     +    |      0|  0|  16|          16|           1|
    |dout_d0                 |  Select  |      0|  0|   2|           1|           2|
    |tmp_3_i_i_fu_409_p3     |  Select  |      0|  0|   2|           1|           1|
    |tmp_5_i_i_fu_416_p3     |  Select  |      0|  0|   3|           1|           1|
    |tmp_11_fu_403_p2        |    and   |      0|  0|   1|           1|           1|
    |tmp_5_fu_362_p2         |    and   |      0|  0|   1|           1|           1|
    |exitcond_i_i_fu_309_p2  |   icmp   |      0|  0|   5|          11|          12|
    |notlhs6_fu_385_p2       |   icmp   |      0|  0|   3|           8|           2|
    |notlhs_fu_344_p2        |   icmp   |      0|  0|   3|           8|           2|
    |notrhs7_fu_391_p2       |   icmp   |      0|  0|   8|          23|           1|
    |notrhs_fu_350_p2        |   icmp   |      0|  0|   8|          23|           1|
    |tmp_9_fu_303_p2         |   icmp   |      0|  0|   6|          16|          11|
    |ap_sig_bdd_102          |    or    |      0|  0|   1|           1|           1|
    |tmp_3_fu_356_p2         |    or    |      0|  0|   1|           1|           1|
    |tmp_s_fu_397_p2         |    or    |      0|  0|   1|           1|           1|
    +------------------------+----------+-------+---+----+------------+------------+
    |Total                   |          |      0|  0|  72|         124|          40|
    +------------------------+----------+-------+---+----+------------+------------+

    * Multiplexer: 
    +-------------------------------------------------------+----+-----------+-----+-----------+
    |                          Name                         | LUT| Input Size| Bits| Total Bits|
    +-------------------------------------------------------+----+-----------+-----+-----------+
    |ap_NS_fsm                                              |   4|         10|    1|         10|
    |ap_sig_startack_grp_ofdm_receiver_fft_fu_221_ap_ready  |   1|          2|    1|          2|
    |count_new_reg_210                                      |  16|          2|   16|         32|
    |dout_address0                                          |  10|          3|   10|         30|
    |i_i_i_reg_199                                          |  11|          2|   11|         22|
    |xi_address0                                            |  10|          3|   10|         30|
    |xi_ce0                                                 |   1|          3|    1|          3|
    |xi_out_address0                                        |  10|          3|   10|         30|
    |xi_out_ce0                                             |   1|          3|    1|          3|
    |xi_out_we0                                             |   1|          2|    1|          2|
    |xr_address0                                            |  10|          3|   10|         30|
    |xr_ce0                                                 |   1|          3|    1|          3|
    |xr_out_address0                                        |  10|          3|   10|         30|
    |xr_out_ce0                                             |   1|          3|    1|          3|
    |xr_out_we0                                             |   1|          2|    1|          2|
    +-------------------------------------------------------+----+-----------+-----+-----------+
    |Total                                                  |  88|         47|   85|        232|
    +-------------------------------------------------------+----+-----------+-----+-----------+

    * Register: 
    +-------------------------------------------------------+----+----+-----+-----------+
    |                          Name                         | FF | LUT| Bits| Const Bits|
    +-------------------------------------------------------+----+----+-----+-----------+
    |ap_CS_fsm                                              |   9|   0|    9|          0|
    |ap_reg_startack_grp_ofdm_receiver_fft_fu_221_ap_ready  |   1|   0|    1|          0|
    |count                                                  |  16|   0|   16|          0|
    |count_new_reg_210                                      |  16|   0|   16|          0|
    |grp_ofdm_receiver_fft_fu_221_ap_start_ap_start_reg     |   1|   0|    1|          0|
    |i_i_i_reg_199                                          |  11|   0|   11|          0|
    |i_reg_463                                              |  11|   0|   11|          0|
    |tmp_11_reg_500                                         |   1|   0|    1|          0|
    |tmp_5_reg_495                                          |   1|   0|    1|          0|
    |tmp_i_i_reg_468                                        |  11|   0|   64|         53|
    |tmp_reg_442                                            |  16|   0|   64|         48|
    |xi_out_load_reg_489                                    |  32|   0|   32|          0|
    |xr_out_load_reg_483                                    |  32|   0|   32|          0|
    +-------------------------------------------------------+----+----+-----+-----------+
    |Total                                                  | 158|   0|  259|        101|
    +-------------------------------------------------------+----+----+-----+-----------+



================================================================
== Interface
================================================================
* Summary: 
+---------------+-----+-----+--------------+---------------+--------------+
|   RTL Ports   | Dir | Bits|   Protocol   | Source Object |    C Type    |
+---------------+-----+-----+--------------+---------------+--------------+
|ap_clk         |  in |    1| ap_ctrl_none | ofdm_receiver | return value |
|ap_rst         |  in |    1| ap_ctrl_none | ofdm_receiver | return value |
|inptr_dout     |  in |   32|    ap_fifo   |     inptr     |    pointer   |
|inptr_empty_n  |  in |    1|    ap_fifo   |     inptr     |    pointer   |
|inptr_read     | out |    1|    ap_fifo   |     inptr     |    pointer   |
|outptr_din     | out |   32|    ap_fifo   |     outptr    |    pointer   |
|outptr_full_n  |  in |    1|    ap_fifo   |     outptr    |    pointer   |
|outptr_write   | out |    1|    ap_fifo   |     outptr    |    pointer   |
+---------------+-----+-----+--------------+---------------+--------------+

