

================================================================
== Vivado HLS Report for 'dft'
================================================================
* Date:           Thu Oct 27 19:55:28 2016

* Version:        2015.4 (Build 1412921 on Wed Nov 18 09:58:55 AM 2015)
* Project:        dft256
* Solution:       sin_lookups
* Product family: zynq
* Target device:  xc7z020clg484-1


================================================================
== Performance Estimates
================================================================
+ Timing (ns): 
    * Summary: 
    +--------+-------+----------+------------+
    |  Clock | Target| Estimated| Uncertainty|
    +--------+-------+----------+------------+
    |ap_clk  |  10.00|      8.41|        1.25|
    +--------+-------+----------+------------+

+ Latency (clock cycles): 
    * Summary: 
    +---------+---------+---------+---------+---------+
    |      Latency      |      Interval     | Pipeline|
    |   min   |   max   |   min   |   max   |   Type  |
    +---------+---------+---------+---------+---------+
    |  1115650|  1115650|  1115651|  1115651|   none  |
    +---------+---------+---------+---------+---------+

    + Detail: 
        * Instance: 
        N/A

        * Loop: 
        +--------------------+---------+---------+----------+-----------+-----------+------+----------+
        |                    |      Latency      | Iteration|  Initiation Interval  | Trip |          |
        |      Loop Name     |   min   |   max   |  Latency |  achieved |   target  | Count| Pipelined|
        +--------------------+---------+---------+----------+-----------+-----------+------+----------+
        |- memset_real_temp  |      255|      255|         1|          -|          -|   256|    no    |
        |- memset_imag_temp  |      255|      255|         1|          -|          -|   256|    no    |
        |- Loop 3            |  1114624|  1114624|      4354|          -|          -|   256|    no    |
        | + Loop 3.1         |     4352|     4352|        17|          -|          -|   256|    no    |
        |- Loop 4            |      512|      512|         2|          -|          -|   256|    no    |
        +--------------------+---------+---------+----------+-----------+-----------+------+----------+



================================================================
== Utilization Estimates
================================================================
* Summary: 
+-----------------+---------+-------+--------+-------+
|       Name      | BRAM_18K| DSP48E|   FF   |  LUT  |
+-----------------+---------+-------+--------+-------+
|DSP              |        -|      -|       -|      -|
|Expression       |        -|      1|       0|     61|
|FIFO             |        -|      -|       -|      -|
|Instance         |        -|     16|     982|   2064|
|Memory           |        4|      -|       0|      0|
|Multiplexer      |        -|      -|       -|    290|
|Register         |        -|      -|     390|      -|
+-----------------+---------+-------+--------+-------+
|Total            |        4|     17|    1372|   2415|
+-----------------+---------+-------+--------+-------+
|Available        |      280|    220|  106400|  53200|
+-----------------+---------+-------+--------+-------+
|Utilization (%)  |        1|      7|       1|      4|
+-----------------+---------+-------+--------+-------+

+ Detail: 
    * Instance: 
    +-----------------------------------------+--------------------------------------+---------+-------+-----+-----+
    |                 Instance                |                Module                | BRAM_18K| DSP48E|  FF | LUT |
    +-----------------------------------------+--------------------------------------+---------+-------+-----+-----+
    |dft_fadd_32ns_32ns_32_5_full_dsp_U1      |dft_fadd_32ns_32ns_32_5_full_dsp      |        0|      2|  205|  390|
    |dft_faddfsub_32ns_32ns_32_5_full_dsp_U0  |dft_faddfsub_32ns_32ns_32_5_full_dsp  |        0|      2|  205|  390|
    |dft_fmul_32ns_32ns_32_4_max_dsp_U2       |dft_fmul_32ns_32ns_32_4_max_dsp       |        0|      3|  143|  321|
    |dft_fmul_32ns_32ns_32_4_max_dsp_U3       |dft_fmul_32ns_32ns_32_4_max_dsp       |        0|      3|  143|  321|
    |dft_fmul_32ns_32ns_32_4_max_dsp_U4       |dft_fmul_32ns_32ns_32_4_max_dsp       |        0|      3|  143|  321|
    |dft_fmul_32ns_32ns_32_4_max_dsp_U5       |dft_fmul_32ns_32ns_32_4_max_dsp       |        0|      3|  143|  321|
    +-----------------------------------------+--------------------------------------+---------+-------+-----+-----+
    |Total                                    |                                      |        0|     16|  982| 2064|
    +-----------------------------------------+--------------------------------------+---------+-------+-----+-----+

    * DSP48: 
    N/A

    * Memory: 
    +--------------------------+----------------------------+---------+---+----+------+-----+------+-------------+
    |          Memory          |           Module           | BRAM_18K| FF| LUT| Words| Bits| Banks| W*Bits*Banks|
    +--------------------------+----------------------------+---------+---+----+------+-----+------+-------------+
    |cos_coefficients_table_U  |dft_cos_coefficients_table  |        1|  0|   0|   256|   32|     1|         8192|
    |real_temp_U               |dft_real_temp               |        1|  0|   0|   256|   32|     1|         8192|
    |imag_temp_U               |dft_real_temp               |        1|  0|   0|   256|   32|     1|         8192|
    |sin_coefficients_table_U  |dft_sin_coefficients_table  |        1|  0|   0|   256|   32|     1|         8192|
    +--------------------------+----------------------------+---------+---+----+------+-----+------+-------------+
    |Total                     |                            |        4|  0|   0|  1024|  128|     4|        32768|
    +--------------------------+----------------------------+---------+---+----+------+-----+------+-------------+

    * FIFO: 
    N/A

    * Expression: 
    +----------------------+----------+-------+---+----+------------+------------+
    |     Variable Name    | Operation| DSP48E| FF| LUT| Bitwidth P0| Bitwidth P1|
    +----------------------+----------+-------+---+----+------------+------------+
    |idx_fu_338_p2         |     *    |      1|  0|   0|           8|           8|
    |i_1_fu_360_p2         |     +    |      0|  0|   9|           9|           1|
    |i_2_fu_310_p2         |     +    |      0|  0|   9|           1|           9|
    |indvarinc6_fu_283_p2  |     +    |      0|  0|   8|           8|           1|
    |indvarinc_fu_266_p2   |     +    |      0|  0|   8|           8|           1|
    |j_1_fu_332_p2         |     +    |      0|  0|   9|           1|           9|
    |exitcond1_fu_326_p2   |   icmp   |      0|  0|   4|           9|          10|
    |exitcond2_fu_304_p2   |   icmp   |      0|  0|   4|           9|          10|
    |exitcond_fu_354_p2    |   icmp   |      0|  0|   4|           9|          10|
    |tmp_1_fu_277_p2       |   icmp   |      0|  0|   3|           8|           2|
    |tmp_3_fu_294_p2       |   icmp   |      0|  0|   3|           8|           2|
    +----------------------+----------+-------+---+----+------------+------------+
    |Total                 |          |      1|  0|  61|          78|          63|
    +----------------------+----------+-------+---+----+------------+------------+

    * Multiplexer: 
    +-------------------------+----+-----------+-----+-----------+
    |           Name          | LUT| Input Size| Bits| Total Bits|
    +-------------------------+----+-----------+-----+-----------+
    |ap_NS_fsm                |  21|         24|    1|         24|
    |grp_fu_222_opcode        |   2|          3|    2|          6|
    |grp_fu_222_p0            |  32|          3|   32|         96|
    |grp_fu_222_p1            |  32|          3|   32|         96|
    |grp_fu_226_p0            |  32|          3|   32|         96|
    |grp_fu_226_p1            |  32|          3|   32|         96|
    |i1_reg_211               |   9|          2|    9|         18|
    |i_reg_188                |   9|          2|    9|         18|
    |imag_sample_in_address0  |   8|          3|    8|         24|
    |imag_temp_address0       |   8|          4|    8|         32|
    |imag_temp_d0             |  32|          3|   32|         96|
    |invdar5_reg_177          |   8|          2|    8|         16|
    |invdar_reg_166           |   8|          2|    8|         16|
    |j_reg_199                |   9|          2|    9|         18|
    |real_sample_in_address0  |   8|          3|    8|         24|
    |real_temp_address0       |   8|          4|    8|         32|
    |real_temp_d0             |  32|          3|   32|         96|
    +-------------------------+----+-----------+-----+-----------+
    |Total                    | 290|         69|  270|        804|
    +-------------------------+----+-----------+-----+-----------+

    * Register: 
    +--------------------------+----+----+-----+-----------+
    |           Name           | FF | LUT| Bits| Const Bits|
    +--------------------------+----+----+-----+-----------+
    |ap_CS_fsm                 |  23|   0|   23|          0|
    |i1_reg_211                |   9|   0|    9|          0|
    |i_1_reg_501               |   9|   0|    9|          0|
    |i_2_reg_396               |   9|   0|    9|          0|
    |i_reg_188                 |   9|   0|    9|          0|
    |idx_reg_419               |   8|   0|    8|          0|
    |imag_temp_addr_1_reg_406  |   8|   0|    8|          0|
    |imag_temp_load_1_reg_493  |  32|   0|   32|          0|
    |invdar5_reg_177           |   8|   0|    8|          0|
    |invdar_reg_166            |   8|   0|    8|          0|
    |j_1_reg_414               |   9|   0|    9|          0|
    |j_reg_199                 |   9|   0|    9|          0|
    |real_temp_addr_1_reg_401  |   8|   0|    8|          0|
    |real_temp_load_1_reg_488  |  32|   0|   32|          0|
    |reg_254                   |  32|   0|   32|          0|
    |reg_260                   |  32|   0|   32|          0|
    |tmp_11_reg_478            |  32|   0|   32|          0|
    |tmp_12_reg_483            |  32|   0|   32|          0|
    |tmp_15_reg_388            |   8|   0|    8|          0|
    |tmp_5_reg_506             |   9|   0|   64|         55|
    |tmp_6_reg_468             |  32|   0|   32|          0|
    |tmp_7_reg_473             |  32|   0|   32|          0|
    +--------------------------+----+----+-----+-----------+
    |Total                     | 390|   0|  445|         55|
    +--------------------------+----+----+-----+-----------+



================================================================
== Interface
================================================================
* Summary: 
+-------------------------+-----+-----+------------+----------------+--------------+
|        RTL Ports        | Dir | Bits|  Protocol  |  Source Object |    C Type    |
+-------------------------+-----+-----+------------+----------------+--------------+
|ap_clk                   |  in |    1| ap_ctrl_hs |       dft      | return value |
|ap_rst                   |  in |    1| ap_ctrl_hs |       dft      | return value |
|ap_start                 |  in |    1| ap_ctrl_hs |       dft      | return value |
|ap_done                  | out |    1| ap_ctrl_hs |       dft      | return value |
|ap_idle                  | out |    1| ap_ctrl_hs |       dft      | return value |
|ap_ready                 | out |    1| ap_ctrl_hs |       dft      | return value |
|real_sample_in_address0  | out |    8|  ap_memory | real_sample_in |     array    |
|real_sample_in_ce0       | out |    1|  ap_memory | real_sample_in |     array    |
|real_sample_in_we0       | out |    1|  ap_memory | real_sample_in |     array    |
|real_sample_in_d0        | out |   32|  ap_memory | real_sample_in |     array    |
|real_sample_in_q0        |  in |   32|  ap_memory | real_sample_in |     array    |
|imag_sample_in_address0  | out |    8|  ap_memory | imag_sample_in |     array    |
|imag_sample_in_ce0       | out |    1|  ap_memory | imag_sample_in |     array    |
|imag_sample_in_we0       | out |    1|  ap_memory | imag_sample_in |     array    |
|imag_sample_in_d0        | out |   32|  ap_memory | imag_sample_in |     array    |
|imag_sample_in_q0        |  in |   32|  ap_memory | imag_sample_in |     array    |
+-------------------------+-----+-----+------------+----------------+--------------+

