

================================================================
== Vivado HLS Report for 'dft'
================================================================
* Date:           Thu Oct 27 17:22:16 2016

* Version:        2015.4 (Build 1412921 on Wed Nov 18 09:58:55 AM 2015)
* Project:        dft256
* Solution:       baseline
* Product family: zynq
* Target device:  xc7z020clg484-1


================================================================
== Performance Estimates
================================================================
+ Timing (ns): 
    * Summary: 
    +--------+-------+----------+------------+
    |  Clock | Target| Estimated| Uncertainty|
    +--------+-------+----------+------------+
    |ap_clk  |  10.00|      8.69|        1.25|
    +--------+-------+----------+------------+

+ Latency (clock cycles): 
    * Summary: 
    +----------+----------+----------+----------+---------+
    |       Latency       |       Interval      | Pipeline|
    |    min   |    max   |    min   |    max   |   Type  |
    +----------+----------+----------+----------+---------+
    |  17635330|  64755714|  17635331|  64755715|   none  |
    +----------+----------+----------+----------+---------+

    + Detail: 
        * Instance: 
        +-------------------------------------------+--------------------------------+-----+-----+-----+-----+---------+
        |                                           |                                |  Latency  |  Interval | Pipeline|
        |                  Instance                 |             Module             | min | max | min | max |   Type  |
        +-------------------------------------------+--------------------------------+-----+-----+-----+-----+---------+
        |grp_dft_sin_cos_range_redux_cordic_fu_207  |dft_sin_cos_range_redux_cordic  |  240|  959|  240|  959|   none  |
        +-------------------------------------------+--------------------------------+-----+-----+-----+-----+---------+

        * Loop: 
        +--------------------+----------+----------+----------------+-----------+-----------+------+----------+
        |                    |       Latency       |    Iteration   |  Initiation Interval  | Trip |          |
        |      Loop Name     |    min   |    max   |     Latency    |  achieved |   target  | Count| Pipelined|
        +--------------------+----------+----------+----------------+-----------+-----------+------+----------+
        |- memset_real_temp  |       255|       255|               1|          -|          -|   256|    no    |
        |- memset_imag_temp  |       255|       255|               1|          -|          -|   256|    no    |
        |- Loop 3            |  17634304|  64754688| 68884 ~ 252948 |          -|          -|   256|    no    |
        | + Loop 3.1         |     68864|    252928|    269 ~ 988   |          -|          -|   256|    no    |
        |- Loop 4            |       512|       512|               2|          -|          -|   256|    no    |
        +--------------------+----------+----------+----------------+-----------+-----------+------+----------+



================================================================
== Utilization Estimates
================================================================
* Summary: 
+-----------------+---------+-------+--------+-------+
|       Name      | BRAM_18K| DSP48E|   FF   |  LUT  |
+-----------------+---------+-------+--------+-------+
|DSP              |        -|      -|       -|      -|
|Expression       |        -|      -|       0|    150|
|FIFO             |        -|      -|       -|      -|
|Instance         |       13|     44|    6584|  22397|
|Memory           |        2|      -|       0|      0|
|Multiplexer      |        -|      -|       -|    621|
|Register         |        -|      -|     853|      -|
+-----------------+---------+-------+--------+-------+
|Total            |       15|     44|    7437|  23168|
+-----------------+---------+-------+--------+-------+
|Available        |      280|    220|  106400|  53200|
+-----------------+---------+-------+--------+-------+
|Utilization (%)  |        5|     20|       6|     43|
+-----------------+---------+-------+--------+-------+

+ Detail: 
    * Instance: 
    +-------------------------------------------+--------------------------------------+---------+-------+------+-------+
    |                  Instance                 |                Module                | BRAM_18K| DSP48E|  FF  |  LUT  |
    +-------------------------------------------+--------------------------------------+---------+-------+------+-------+
    |dft_dmul_64ns_64ns_64_6_max_dsp_U21        |dft_dmul_64ns_64ns_64_6_max_dsp       |        0|     11|   317|    578|
    |dft_fadd_32ns_32ns_32_5_full_dsp_U12       |dft_fadd_32ns_32ns_32_5_full_dsp      |        0|      2|   205|    390|
    |dft_faddfsub_32ns_32ns_32_5_full_dsp_U11   |dft_faddfsub_32ns_32ns_32_5_full_dsp  |        0|      2|   205|    390|
    |dft_fmul_32ns_32ns_32_4_max_dsp_U13        |dft_fmul_32ns_32ns_32_4_max_dsp       |        0|      3|   143|    321|
    |dft_fmul_32ns_32ns_32_4_max_dsp_U14        |dft_fmul_32ns_32ns_32_4_max_dsp       |        0|      3|   143|    321|
    |dft_fmul_32ns_32ns_32_4_max_dsp_U15        |dft_fmul_32ns_32ns_32_4_max_dsp       |        0|      3|   143|    321|
    |dft_fmul_32ns_32ns_32_4_max_dsp_U16        |dft_fmul_32ns_32ns_32_4_max_dsp       |        0|      3|   143|    321|
    |dft_fpext_32ns_64_1_U20                    |dft_fpext_32ns_64_1                   |        0|      0|   100|    138|
    |dft_fptrunc_64ns_32_1_U18                  |dft_fptrunc_64ns_32_1                 |        0|      0|   128|    277|
    |dft_fptrunc_64ns_32_1_U19                  |dft_fptrunc_64ns_32_1                 |        0|      0|   128|    277|
    |grp_dft_sin_cos_range_redux_cordic_fu_207  |dft_sin_cos_range_redux_cordic        |       13|     17|  4177|  17864|
    |dft_sitodp_32ns_64_6_U22                   |dft_sitodp_32ns_64_6                  |        0|      0|   412|    645|
    |dft_sitofp_32ns_32_6_U17                   |dft_sitofp_32ns_32_6                  |        0|      0|   340|    554|
    +-------------------------------------------+--------------------------------------+---------+-------+------+-------+
    |Total                                      |                                      |       13|     44|  6584|  22397|
    +-------------------------------------------+--------------------------------------+---------+-------+------+-------+

    * DSP48: 
    N/A

    * Memory: 
    +-------------+---------------+---------+---+----+------+-----+------+-------------+
    |    Memory   |     Module    | BRAM_18K| FF| LUT| Words| Bits| Banks| W*Bits*Banks|
    +-------------+---------------+---------+---+----+------+-----+------+-------------+
    |real_temp_U  |dft_real_temp  |        1|  0|   0|   256|   32|     1|         8192|
    |imag_temp_U  |dft_real_temp  |        1|  0|   0|   256|   32|     1|         8192|
    +-------------+---------------+---------+---+----+------+-----+------+-------------+
    |Total        |               |        2|  0|   0|   512|   64|     2|        16384|
    +-------------+---------------+---------+---+----+------+-----+------+-------------+

    * FIFO: 
    N/A

    * Expression: 
    +-----------------------+----------+-------+---+----+------------+------------+
    |     Variable Name     | Operation| DSP48E| FF| LUT| Bitwidth P0| Bitwidth P1|
    +-----------------------+----------+-------+---+----+------------+------------+
    |i_1_fu_397_p2          |     +    |      0|  0|   9|           9|           1|
    |i_2_fu_334_p2          |     +    |      0|  0|   9|           9|           1|
    |indvarinc5_fu_306_p2   |     +    |      0|  0|   8|           8|           1|
    |indvarinc_fu_289_p2    |     +    |      0|  0|   8|           8|           1|
    |j_1_fu_357_p2          |     +    |      0|  0|   9|           9|           1|
    |exitcond1_fu_351_p2    |   icmp   |      0|  0|   4|           9|          10|
    |exitcond2_fu_328_p2    |   icmp   |      0|  0|   4|           9|          10|
    |exitcond_fu_391_p2     |   icmp   |      0|  0|   4|           9|          10|
    |tmp_15_fu_317_p2       |   icmp   |      0|  0|   3|           8|           2|
    |tmp_s_fu_300_p2        |   icmp   |      0|  0|   3|           8|           2|
    |tmp_109_neg_fu_374_p2  |    xor   |      0|  0|  89|          64|          65|
    +-----------------------+----------+-------+---+----+------------+------------+
    |Total                  |          |      0|  0| 150|         150|         104|
    +-----------------------+----------+-------+---+----+------------+------------+

    * Multiplexer: 
    +----------------------+----+-----------+-----+-----------+
    |         Name         | LUT| Input Size| Bits| Total Bits|
    +----------------------+----+-----------+-----+-----------+
    |ap_NS_fsm             |  96|         54|    1|         54|
    |grp_fu_216_opcode     |   2|          3|    2|          6|
    |grp_fu_216_p0         |  32|          3|   32|         96|
    |grp_fu_216_p1         |  32|          3|   32|         96|
    |grp_fu_220_p0         |  32|          3|   32|         96|
    |grp_fu_220_p1         |  32|          3|   32|         96|
    |grp_fu_224_p0         |  32|          3|   32|         96|
    |grp_fu_224_p1         |  32|          3|   32|         96|
    |grp_fu_247_p0         |  64|          3|   64|        192|
    |grp_fu_256_p0         |  64|          3|   64|        192|
    |grp_fu_256_p1         |  64|          3|   64|        192|
    |i1_reg_196            |   9|          2|    9|         18|
    |i_reg_172             |   9|          2|    9|         18|
    |imag_sample_address0  |   8|          3|    8|         24|
    |imag_temp_address0    |   8|          4|    8|         32|
    |imag_temp_d0          |  32|          3|   32|         96|
    |invdar4_reg_161       |   8|          2|    8|         16|
    |invdar_reg_150        |   8|          2|    8|         16|
    |j_reg_184             |   9|          2|    9|         18|
    |real_sample_address0  |   8|          3|    8|         24|
    |real_temp_address0    |   8|          4|    8|         32|
    |real_temp_d0          |  32|          3|   32|         96|
    +----------------------+----+-----------+-----+-----------+
    |Total                 | 621|        114|  526|       1602|
    +----------------------+----+-----------+-----+-----------+

    * Register: 
    +-----------------------------------------------------------------+----+----+-----+-----------+
    |                               Name                              | FF | LUT| Bits| Const Bits|
    +-----------------------------------------------------------------+----+----+-----+-----------+
    |ap_CS_fsm                                                        |  53|   0|   53|          0|
    |c_out_reg_481                                                    |  64|   0|   64|          0|
    |c_reg_491                                                        |  32|   0|   32|          0|
    |grp_dft_sin_cos_range_redux_cordic_fu_207_ap_start_ap_start_reg  |   1|   0|    1|          0|
    |i1_reg_196                                                       |   9|   0|    9|          0|
    |i_1_reg_553                                                      |   9|   0|    9|          0|
    |i_2_reg_433                                                      |   9|   0|    9|          0|
    |i_reg_172                                                        |   9|   0|    9|          0|
    |imag_temp_addr_1_reg_453                                         |   8|   0|    8|          0|
    |imag_temp_load_1_reg_545                                         |  32|   0|   32|          0|
    |invdar4_reg_161                                                  |   8|   0|    8|          0|
    |invdar_reg_150                                                   |   8|   0|    8|          0|
    |j_1_reg_466                                                      |   9|   0|    9|          0|
    |j_reg_184                                                        |   9|   0|    9|          0|
    |real_temp_addr_1_reg_448                                         |   8|   0|    8|          0|
    |real_temp_load_1_reg_540                                         |  32|   0|   32|          0|
    |reg_265                                                          |  64|   0|   64|          0|
    |reg_271                                                          |  32|   0|   32|          0|
    |reg_277                                                          |  32|   0|   32|          0|
    |reg_283                                                          |  32|   0|   32|          0|
    |s_out_reg_486                                                    |  64|   0|   64|          0|
    |s_reg_497                                                        |  32|   0|   32|          0|
    |tmp_16_reg_438                                                   |  64|   0|   64|          0|
    |tmp_20_reg_558                                                   |   9|   0|   64|         55|
    |tmp_21_reg_471                                                   |  32|   0|   32|          0|
    |tmp_26_reg_525                                                   |  32|   0|   32|          0|
    |tmp_29_reg_530                                                   |  32|   0|   32|          0|
    |tmp_30_reg_535                                                   |  32|   0|   32|          0|
    |w_reg_443                                                        |  32|   0|   32|          0|
    |x_assign_reg_476                                                 |  64|   0|   64|          0|
    +-----------------------------------------------------------------+----+----+-----+-----------+
    |Total                                                            | 853|   0|  908|         55|
    +-----------------------------------------------------------------+----+----+-----+-----------+



================================================================
== Interface
================================================================
* Summary: 
+----------------------+-----+-----+------------+--------------+--------------+
|       RTL Ports      | Dir | Bits|  Protocol  | Source Object|    C Type    |
+----------------------+-----+-----+------------+--------------+--------------+
|ap_clk                |  in |    1| ap_ctrl_hs |      dft     | return value |
|ap_rst                |  in |    1| ap_ctrl_hs |      dft     | return value |
|ap_start              |  in |    1| ap_ctrl_hs |      dft     | return value |
|ap_done               | out |    1| ap_ctrl_hs |      dft     | return value |
|ap_idle               | out |    1| ap_ctrl_hs |      dft     | return value |
|ap_ready              | out |    1| ap_ctrl_hs |      dft     | return value |
|real_sample_address0  | out |    8|  ap_memory |  real_sample |     array    |
|real_sample_ce0       | out |    1|  ap_memory |  real_sample |     array    |
|real_sample_we0       | out |    1|  ap_memory |  real_sample |     array    |
|real_sample_d0        | out |   32|  ap_memory |  real_sample |     array    |
|real_sample_q0        |  in |   32|  ap_memory |  real_sample |     array    |
|imag_sample_address0  | out |    8|  ap_memory |  imag_sample |     array    |
|imag_sample_ce0       | out |    1|  ap_memory |  imag_sample |     array    |
|imag_sample_we0       | out |    1|  ap_memory |  imag_sample |     array    |
|imag_sample_d0        | out |   32|  ap_memory |  imag_sample |     array    |
|imag_sample_q0        |  in |   32|  ap_memory |  imag_sample |     array    |
+----------------------+-----+-----+------------+--------------+--------------+

