

================================================================
== Vivado HLS Report for 'fir'
================================================================
* Date:           Mon Oct 03 21:00:39 2016

* Version:        2015.4 (Build 1412921 on Wed Nov 18 09:58:55 AM 2015)
* Project:        fir128_optimized
* Solution:       solution1
* Product family: zynq
* Target device:  xc7z020clg484-1


================================================================
== Performance Estimates
================================================================
+ Timing (ns): 
    * Summary: 
    +--------+-------+----------+------------+
    |  Clock | Target| Estimated| Uncertainty|
    +--------+-------+----------+------------+
    |ap_clk  |  10.00|      8.52|        1.25|
    +--------+-------+----------+------------+

+ Latency (clock cycles): 
    * Summary: 
    +-----+-----+-----+-----+---------+
    |  Latency  |  Interval | Pipeline|
    | min | max | min | max |   Type  |
    +-----+-----+-----+-----+---------+
    |  636|  636|  637|  637|   none  |
    +-----+-----+-----+-----+---------+

    + Detail: 
        * Instance: 
        N/A

        * Loop: 
        +------------+-----+-----+----------+-----------+-----------+------+----------+
        |            |  Latency  | Iteration|  Initiation Interval  | Trip |          |
        |  Loop Name | min | max |  Latency |  achieved |   target  | Count| Pipelined|
        +------------+-----+-----+----------+-----------+-----------+------+----------+
        |- For_Loop  |  635|  635|         5|          -|          -|   127|    no    |
        +------------+-----+-----+----------+-----------+-----------+------+----------+



================================================================
== Utilization Estimates
================================================================
* Summary: 
+-----------------+---------+-------+--------+-------+
|       Name      | BRAM_18K| DSP48E|   FF   |  LUT  |
+-----------------+---------+-------+--------+-------+
|DSP              |        -|      -|       -|      -|
|Expression       |        -|      -|       0|     74|
|FIFO             |        -|      -|       -|      -|
|Instance         |        -|      2|       0|      0|
|Memory           |        1|      -|       5|     10|
|Multiplexer      |        -|      -|       -|     79|
|Register         |        -|      -|      84|      -|
+-----------------+---------+-------+--------+-------+
|Total            |        1|      2|      89|    163|
+-----------------+---------+-------+--------+-------+
|Available        |      280|    220|  106400|  53200|
+-----------------+---------+-------+--------+-------+
|Utilization (%)  |    ~0   |   ~0  |   ~0   |   ~0  |
+-----------------+---------+-------+--------+-------+

+ Detail: 
    * Instance: 
    +------------------------+---------------------+---------+-------+---+----+
    |        Instance        |        Module       | BRAM_18K| DSP48E| FF| LUT|
    +------------------------+---------------------+---------+-------+---+----+
    |fir_mul_32s_5s_32_3_U0  |fir_mul_32s_5s_32_3  |        0|      2|  0|   0|
    +------------------------+---------------------+---------+-------+---+----+
    |Total                   |                     |        0|      2|  0|   0|
    +------------------------+---------------------+---------+-------+---+----+

    * DSP48: 
    N/A

    * Memory: 
    +-------------+---------------+---------+---+----+------+-----+------+-------------+
    |    Memory   |     Module    | BRAM_18K| FF| LUT| Words| Bits| Banks| W*Bits*Banks|
    +-------------+---------------+---------+---+----+------+-----+------+-------------+
    |c_U          |fir_c          |        0|  5|  10|   128|    5|     1|          640|
    |shift_reg_U  |fir_shift_reg  |        1|  0|   0|   128|   32|     1|         4096|
    +-------------+---------------+---------+---+----+------+-----+------+-------------+
    |Total        |               |        1|  5|  10|   256|   37|     2|         4736|
    +-------------+---------------+---------+---+----+------+-----+------+-------------+

    * FIFO: 
    N/A

    * Expression: 
    +-----------------+----------+-------+---+----+------------+------------+
    |  Variable Name  | Operation| DSP48E| FF| LUT| Bitwidth P0| Bitwidth P1|
    +-----------------+----------+-------+---+----+------------+------------+
    |acc_1_fu_166_p2  |     +    |      0|  0|  32|          32|          32|
    |i_1_fu_117_p2    |     +    |      0|  0|   7|           7|           2|
    |tmp1_fu_138_p2   |     +    |      0|  0|  16|          32|          32|
    |y                |     +    |      0|  0|  16|          32|          32|
    |tmp_fu_111_p2    |   icmp   |      0|  0|   3|           7|           1|
    +-----------------+----------+-------+---+----+------------+------------+
    |Total            |          |      0|  0|  74|         110|          99|
    +-----------------+----------+-------+---+----+------------+------------+

    * Multiplexer: 
    +--------------------+----+-----------+-----+-----------+
    |        Name        | LUT| Input Size| Bits| Total Bits|
    +--------------------+----+-----------+-----+-----------+
    |acc_reg_87          |  32|          2|   32|         64|
    |ap_NS_fsm           |   1|          7|    1|          7|
    |i_reg_99            |   7|          2|    7|         14|
    |shift_reg_address0  |   7|          4|    7|         28|
    |shift_reg_d0        |  32|          3|   32|         96|
    +--------------------+----+-----------+-----+-----------+
    |Total               |  79|         18|   79|        209|
    +--------------------+----+-----------+-----+-----------+

    * Register: 
    +------------------------+----+----+-----+-----------+
    |          Name          | FF | LUT| Bits| Const Bits|
    +------------------------+----+----+-----+-----------+
    |acc_reg_87              |  32|   0|   32|          0|
    |ap_CS_fsm               |   6|   0|    6|          0|
    |i_1_reg_182             |   7|   0|    7|          0|
    |i_reg_99                |   7|   0|    7|          0|
    |shift_reg_load_reg_192  |  32|   0|   32|          0|
    +------------------------+----+----+-----+-----------+
    |Total                   |  84|   0|   84|          0|
    +------------------------+----+----+-----+-----------+



================================================================
== Interface
================================================================
* Summary: 
+----------+-----+-----+------------+--------------+--------------+
| RTL Ports| Dir | Bits|  Protocol  | Source Object|    C Type    |
+----------+-----+-----+------------+--------------+--------------+
|ap_clk    |  in |    1| ap_ctrl_hs |      fir     | return value |
|ap_rst    |  in |    1| ap_ctrl_hs |      fir     | return value |
|ap_start  |  in |    1| ap_ctrl_hs |      fir     | return value |
|ap_done   | out |    1| ap_ctrl_hs |      fir     | return value |
|ap_idle   | out |    1| ap_ctrl_hs |      fir     | return value |
|ap_ready  | out |    1| ap_ctrl_hs |      fir     | return value |
|y         | out |   32|   ap_vld   |       y      |    pointer   |
|y_ap_vld  | out |    1|   ap_vld   |       y      |    pointer   |
|x         |  in |   32|   ap_none  |       x      |    scalar    |
+----------+-----+-----+------------+--------------+--------------+

